2025-03-31 15:36:47,581 - INFO - Manga Translator Script Started
2025-03-31 15:36:47,581 - INFO - Current working directory: C:\Users\prabhat\Desktop\Web Project\scrapper
2025-03-31 15:36:47,597 - INFO - Command line arguments:
2025-03-31 15:36:47,597 - INFO - Input Directory: image_for_translations
2025-03-31 15:36:47,597 - INFO - Output Directory: my_translations
2025-03-31 15:36:47,597 - INFO - Source Language: ko
2025-03-31 15:36:47,597 - INFO - Target Language: en
2025-03-31 15:36:47,597 - INFO - Created output directory: my_translations
2025-03-31 15:36:47,598 - INFO - Found 2 images to process
2025-03-31 15:36:47,598 - INFO - Processing image: Screenshot 2025-03-31 150024.png
2025-03-31 15:36:47,598 - INFO - Initializing OCR for ko
2025-03-31 15:36:47,598 - WARNING - Neither CUDA nor MPS are available - defaulting to CPU. Note: This module is much faster with a GPU.
2025-03-31 15:36:49,351 - INFO - Loading image: image_for_translations\Screenshot 2025-03-31 150024.png
2025-03-31 15:36:49,356 - INFO - Detecting text in image
2025-03-31 15:36:50,133 - INFO - Loading fonts
2025-03-31 15:36:50,135 - INFO - Loaded Windows CJK font (malgun.ttf)
2025-03-31 15:36:50,135 - INFO - Found 6 text segments to translate
2025-03-31 15:36:50,880 - INFO - Translated text 2: \ud3b8\ud558\uac8c \uc790\ube60\uc838 -> Fallen comfortably
2025-03-31 15:36:50,880 - ERROR - Translation error for text 2: 'FreeTypeFont' object has no attribute 'filename'
2025-03-31 15:36:51,380 - INFO - Translated text 3: \ub290\ub07c\uace0\ub9cc \uc788\uc5b4? -> Do you feel?
2025-03-31 15:36:52,156 - INFO - Translated text 4: \ub450 \uc0ac\ub78c \uc11c\ub85c -> Both each other
2025-03-31 15:36:52,156 - ERROR - Translation error for text 4: 'FreeTypeFont' object has no attribute 'filename'
2025-03-31 15:36:53,269 - INFO - Translated text 5: \ud654\ud574\uc758 \uc758\ubbf8\ub85c -> In the sense of reconciliation
2025-03-31 15:36:53,270 - ERROR - Translation error for text 5: 'FreeTypeFont' object has no attribute 'filename'
2025-03-31 15:36:53,758 - INFO - Translated text 6: \ud0a4\uc2a4\ub77c\ub3c4 \ud574\uc57c\uc9c0. -> I have to kiss.
2025-03-31 15:36:53,793 - INFO - Saved translated image: my_translations\translated_Screenshot 2025-03-31 150024.png
2025-03-31 15:36:53,804 - INFO - Processing image: Screenshot 2025-03-31 150051.png
2025-03-31 15:36:53,804 - INFO - Initializing OCR for ko
2025-03-31 15:36:53,804 - WARNING - Neither CUDA nor MPS are available - defaulting to CPU. Note: This module is much faster with a GPU.
2025-03-31 15:36:55,545 - INFO - Loading image: image_for_translations\Screenshot 2025-03-31 150051.png
2025-03-31 15:36:55,545 - INFO - Detecting text in image
2025-03-31 15:36:56,097 - INFO - Loading fonts
2025-03-31 15:36:56,097 - INFO - Loaded Windows CJK font (malgun.ttf)
2025-03-31 15:36:56,097 - INFO - Found 4 text segments to translate
2025-03-31 15:36:56,535 - INFO - Translated text 1: \uadf8\ub798\ub3c4. -> still.
2025-03-31 15:36:57,100 - INFO - Translated text 2: \ub458\uc774 -> Two
2025-03-31 15:36:57,558 - INFO - Translated text 3: \uc0ac\uc774\uc88b\uc544\uc800\uc11c -> Goodbye
2025-03-31 15:36:58,010 - INFO - Translated text 4: \ubcf4\uae30 \uc885\ub124. -> Look at it.
2025-03-31 15:36:58,048 - INFO - Saved translated image: my_translations\translated_Screenshot 2025-03-31 150051.png
2025-03-31 15:36:58,052 - INFO - Translation Summary:
2025-03-31 15:36:58,052 - INFO - Total images: 2
2025-03-31 15:36:58,052 - INFO - Successfully translated: 2
2025-03-31 15:36:58,052 - INFO - Failed: 0
2025-03-31 15:36:58,052 - INFO - Script completed successfully
